<?xml version="1.0" encoding="UTF-8"?>
<testng-results ignored="0" total="1" passed="0" failed="1" skipped="0">
  <reporter-output>
  </reporter-output>
  <suite started-at="2025-02-22T02:39:58 EST" name="st" finished-at="2025-02-22T02:40:19 EST" duration-ms="20453">
    <groups>
      <group name="multi">
        <method signature="access_properties.multiElements()[pri:0, instance:Combestbuy.access_properties@3eb25e1a]" name="multiElements" class="Combestbuy.access_properties"/>
      </group> <!-- multi -->
    </groups>
    <test started-at="2025-02-22T02:39:58 EST" name="test1" finished-at="2025-02-22T02:40:19 EST" duration-ms="20453">
      <class name="Combestbuy.access_properties">
        <test-method is-config="true" signature="beforeClass(java.lang.String,java.lang.String)[pri:0, instance:Combestbuy.access_properties@3eb25e1a]" started-at="2025-02-22T02:39:58 EST" name="beforeClass" finished-at="2025-02-22T02:40:08 EST" duration-ms="9776" status="PASS">
          <params>
            <param index="0">
              <value>
                <![CDATA[edge]]>
              </value>
            </param>
            <param index="1">
              <value>
                <![CDATA[https://www.bestbuy.com]]>
              </value>
            </param>
          </params>
          <reporter-output>
          </reporter-output>
        </test-method> <!-- beforeClass -->
        <test-method signature="multiElements()[pri:0, instance:Combestbuy.access_properties@3eb25e1a]" started-at="2025-02-22T02:40:08 EST" name="multiElements" finished-at="2025-02-22T02:40:08 EST" duration-ms="144" status="FAIL">
          <exception class="java.lang.AssertionError">
            <message>
              <![CDATA[expected [Top Deals] but found [[Ljava.lang.String;@89c10b7]]]>
            </message>
            <full-stacktrace>
              <![CDATA[java.lang.AssertionError: expected [Top Deals] but found [[Ljava.lang.String;@89c10b7]
at org.testng.Assert.fail(Assert.java:111)
at org.testng.Assert.failNotEquals(Assert.java:1578)
at org.testng.Assert.assertEqualsImpl(Assert.java:150)
at org.testng.Assert.assertEquals(Assert.java:132)
at org.testng.Assert.assertEquals(Assert.java:644)
at Combestbuy.access_properties.multiElements(access_properties.java:65)
at java.base/jdk.internal.reflect.DirectMethodHandleAccessor.invoke(DirectMethodHandleAccessor.java:103)
at java.base/java.lang.reflect.Method.invoke(Method.java:580)
at org.testng.internal.invokers.MethodInvocationHelper.invokeMethod(MethodInvocationHelper.java:141)
at org.testng.internal.invokers.TestInvoker.invokeMethod(TestInvoker.java:686)
at org.testng.internal.invokers.TestInvoker.invokeTestMethod(TestInvoker.java:230)
at org.testng.internal.invokers.MethodRunner.runInSequence(MethodRunner.java:63)
at org.testng.internal.invokers.TestInvoker$MethodInvocationAgent.invoke(TestInvoker.java:992)
at org.testng.internal.invokers.TestInvoker.invokeTestMethods(TestInvoker.java:203)
at org.testng.internal.invokers.TestMethodWorker.invokeTestMethods(TestMethodWorker.java:154)
at org.testng.internal.invokers.TestMethodWorker.run(TestMethodWorker.java:134)
at java.base/java.util.ArrayList.forEach(ArrayList.java:1597)
at org.testng.TestRunner.privateRun(TestRunner.java:739)
at org.testng.TestRunner.run(TestRunner.java:614)
at org.testng.SuiteRunner.runTest(SuiteRunner.java:421)
at org.testng.SuiteRunner.runSequentially(SuiteRunner.java:413)
at org.testng.SuiteRunner.privateRun(SuiteRunner.java:373)
at org.testng.SuiteRunner.run(SuiteRunner.java:312)
at org.testng.SuiteRunnerWorker.runSuite(SuiteRunnerWorker.java:52)
at org.testng.SuiteRunnerWorker.run(SuiteRunnerWorker.java:95)
at org.testng.TestNG.runSuitesSequentially(TestNG.java:1274)
at org.testng.TestNG.runSuitesLocally(TestNG.java:1208)
at org.testng.TestNG.runSuites(TestNG.java:1112)
at org.testng.TestNG.run(TestNG.java:1079)
at org.testng.remote.AbstractRemoteTestNG.run(AbstractRemoteTestNG.java:115)
at org.testng.remote.RemoteTestNG.initAndRun(RemoteTestNG.java:293)
at org.testng.remote.RemoteTestNG.main(RemoteTestNG.java:91)
]]>
            </full-stacktrace>
          </exception> <!-- java.lang.AssertionError -->
          <reporter-output>
          </reporter-output>
        </test-method> <!-- multiElements -->
        <test-method is-config="true" signature="afterClass()[pri:0, instance:Combestbuy.access_properties@3eb25e1a]" started-at="2025-02-22T02:40:09 EST" name="afterClass" finished-at="2025-02-22T02:40:19 EST" duration-ms="10002" status="PASS">
          <reporter-output>
          </reporter-output>
        </test-method> <!-- afterClass -->
      </class> <!-- Combestbuy.access_properties -->
    </test> <!-- test1 -->
  </suite> <!-- st -->
</testng-results>
